<?xml version="1.0" encoding="UTF-8"?>
<testng-results skipped="0" failed="0" total="2" passed="2">
  <reporter-output>
  </reporter-output>
  <suite name="DemoTestSuite" duration-ms="56" started-at="2020-12-14T08:01:41Z" finished-at="2020-12-14T08:01:41Z">
    <groups>
    </groups>
    <test name="TC_001" duration-ms="56" started-at="2020-12-14T08:01:41Z" finished-at="2020-12-14T08:01:41Z">
      <class name="gitProject.GitDemo">
        <test-method status="PASS" signature="openBox()[pri:1, instance:gitProject.GitDemo@100a15d]" name="openBox" duration-ms="20" started-at="2020-12-14T13:31:41Z" finished-at="2020-12-14T13:31:41Z">
          <reporter-output>
          </reporter-output>
        </test-method> <!-- openBox -->
        <test-method status="PASS" signature="closeBox()[pri:2, instance:gitProject.GitDemo@100a15d]" name="closeBox" duration-ms="2" started-at="2020-12-14T13:31:41Z" finished-at="2020-12-14T13:31:41Z">
          <reporter-output>
          </reporter-output>
        </test-method> <!-- closeBox -->
      </class> <!-- gitProject.GitDemo -->
    </test> <!-- TC_001 -->
  </suite> <!-- DemoTestSuite -->
</testng-results>
